<?xml version="1.0" encoding="UTF-8"?>
<!-- Generated by org.testng.reporters.JUnitXMLReporter -->
<testsuite ignored="0" hostname="DESKTOP-CKDC20B" failures="0" tests="3" name="Default test" time="6.159" errors="0" timestamp="2023-11-08T11:03:16 GMT">
  <testcase classname="api.test.DataDrivenTests" name="testCreateMultipleBookings" time="2.871"/>
  <testcase classname="api.test.DataDrivenTests" name="testCreateMultipleBookings" time="0.918"/>
  <testcase classname="api.test.DataDrivenTests" name="testCreateMultipleBookings" time="0.82"/>
</testsuite> <!-- Default test -->
