<?xml version="1.0" encoding="UTF-8"?>
<testsuite xmlns:xsi="http://www.w3.org/2001/XMLSchema-instance" xsi:noNamespaceSchemaLocation="https://maven.apache.org/surefire/maven-surefire-plugin/xsd/surefire-test-report-3.0.xsd" version="3.0" name="TestSuite" time="20.12" tests="8" errors="0" skipped="0" failures="0">
  <properties>
[...]
</properties>
  <testcase name="createBookings[Joe, Bloggs, 220, LOWER(true), 2024-01-21, 2024-01-28, Breakfast](1)" classname="api.test.DataDrivenTests" time="4.555">
    <system-out><![CDATA[Request method:	POST
Request URI:	https://restful-booker.herokuapp.com/booking
Proxy:			<none>
Request params:	<none>
Query params:	<none>
Form params:	<none>
Path params:	<none>
Headers:		Accept=*/*
				Content-Type=application/json
Cookies:		<none>
Multiparts:		<none>
Body:
{
    "firstname": "Joe",
    "lastname": "Bloggs",
    "totalprice": 220,
    "depositpaid": false,
    "bookingdates": {
        "checkin": "2024-01-21",
        "checkout": "2024-01-28"
    },
    "additionalneeds": "Breakfast"
}
]]></system-out>
    <system-err><![CDATA[SLF4J: Failed to load class "org.slf4j.impl.StaticLoggerBinder".
SLF4J: Defaulting to no-operation (NOP) logger implementation
SLF4J: See http://www.slf4j.org/codes.html#StaticLoggerBinder for further details.
]]></system-err>
  </testcase>
  <testcase name="createBookings[John , Smith, 435, LOWER(false), 2024-02-10, 2024-02-17, Wheelchair](2)" classname="api.test.DataDrivenTests" time="0.99">
    <system-out><![CDATA[Request method:	POST
Request URI:	https://restful-booker.herokuapp.com/booking
Proxy:			<none>
Request params:	<none>
Query params:	<none>
Form params:	<none>
Path params:	<none>
Headers:		Accept=*/*
				Content-Type=application/json
Cookies:		<none>
Multiparts:		<none>
Body:
{
    "firstname": "John ",
    "lastname": "Smith",
    "totalprice": 435,
    "depositpaid": false,
    "bookingdates": {
        "checkin": "2024-02-10",
        "checkout": "2024-02-17"
    },
    "additionalneeds": "Wheelchair"
}
]]></system-out>
  </testcase>
  <testcase name="createBookings[Andy, Jones, 675, LOWER(true), 2024-03-01, 2024-03-08, Cot](3)" classname="api.test.DataDrivenTests" time="0.865">
    <system-out><![CDATA[Request method:	POST
Request URI:	https://restful-booker.herokuapp.com/booking
Proxy:			<none>
Request params:	<none>
Query params:	<none>
Form params:	<none>
Path params:	<none>
Headers:		Accept=*/*
				Content-Type=application/json
Cookies:		<none>
Multiparts:		<none>
Body:
{
    "firstname": "Andy",
    "lastname": "Jones",
    "totalprice": 675,
    "depositpaid": false,
    "bookingdates": {
        "checkin": "2024-03-01",
        "checkout": "2024-03-08"
    },
    "additionalneeds": "Cot"
}
]]></system-out>
  </testcase>
  <testcase name="createAuthToken" classname="api.test.BookingTests" time="2.226">
    <system-out><![CDATA[Request method:	POST
Request URI:	https://restful-booker.herokuapp.com/auth
Proxy:			<none>
Request params:	<none>
Query params:	<none>
Form params:	<none>
Path params:	<none>
Headers:		Accept=*/*
				Content-Type=application/json
Cookies:		<none>
Multiparts:		<none>
Body:
{
    "username": "admin",
    "password": "password123"
}
HTTP/1.1 200 OK
Server: Cowboy
Report-To: {"group":"heroku-nel","max_age":3600,"endpoints":[{"url":"https://nel.heroku.com/reports?ts=1700051199&sid=c46efe9b-d3d2-4a0c-8c76-bfafa16c5add&s=YmDqhQV4dJpTjhZ%2BcEgWf8KM8dOPp0gSbqNUSZIeeZs%3D"}]}
Reporting-Endpoints: heroku-nel=https://nel.heroku.com/reports?ts=1700051199&sid=c46efe9b-d3d2-4a0c-8c76-bfafa16c5add&s=YmDqhQV4dJpTjhZ%2BcEgWf8KM8dOPp0gSbqNUSZIeeZs%3D
Nel: {"report_to":"heroku-nel","max_age":3600,"success_fraction":0.005,"failure_fraction":0.05,"response_headers":["Via"]}
Connection: keep-alive
X-Powered-By: Express
Content-Type: application/json; charset=utf-8
Content-Length: 27
Etag: W/"1b-tA1CRxB23M/Ks5R098rJn+No6dY"
Date: Wed, 15 Nov 2023 12:26:39 GMT
Via: 1.1 vegur

{
    "token": "5ed27d1e2cfdaac"
}
]]></system-out>
  </testcase>
  <testcase name="createBooking" classname="api.test.BookingTests" time="0.866">
    <system-out><![CDATA[Request method:	POST
Request URI:	https://restful-booker.herokuapp.com/booking
Proxy:			<none>
Request params:	<none>
Query params:	<none>
Form params:	<none>
Path params:	<none>
Headers:		Accept=*/*
				Content-Type=application/json
Cookies:		<none>
Multiparts:		<none>
Body:
{
    "firstname": "Jacques",
    "lastname": "Rau",
    "totalprice": 165,
    "depositpaid": true,
    "bookingdates": {
        "checkin": "2023-11-18",
        "checkout": "2023-11-25"
    },
    "additionalneeds": "distinctio"
}
HTTP/1.1 200 OK
Server: Cowboy
Report-To: {"group":"heroku-nel","max_age":3600,"endpoints":[{"url":"https://nel.heroku.com/reports?ts=1700051201&sid=c46efe9b-d3d2-4a0c-8c76-bfafa16c5add&s=6NSiJvQn%2FbmE2lMDewpaZKdKzfF9H8yirSZb%2B9%2FRIew%3D"}]}
Reporting-Endpoints: heroku-nel=https://nel.heroku.com/reports?ts=1700051201&sid=c46efe9b-d3d2-4a0c-8c76-bfafa16c5add&s=6NSiJvQn%2FbmE2lMDewpaZKdKzfF9H8yirSZb%2B9%2FRIew%3D
Nel: {"report_to":"heroku-nel","max_age":3600,"success_fraction":0.005,"failure_fraction":0.05,"response_headers":["Via"]}
Connection: keep-alive
X-Powered-By: Express
Content-Type: application/json; charset=utf-8
Content-Length: 200
Etag: W/"c8-bWVDhHllqfs/9oFyv79DSItFjxo"
Date: Wed, 15 Nov 2023 12:26:41 GMT
Via: 1.1 vegur

{
    "bookingid": 2427,
    "booking": {
        "firstname": "Jacques",
        "lastname": "Rau",
        "totalprice": 165,
        "depositpaid": true,
        "bookingdates": {
            "checkin": "2023-11-18",
            "checkout": "2023-11-25"
        },
        "additionalneeds": "distinctio"
    }
}
]]></system-out>
  </testcase>
  <testcase name="getBookingById" classname="api.test.BookingTests" time="0.956">
    <system-out><![CDATA[Request method:	GET
Request URI:	https://restful-booker.herokuapp.com/booking/2427
Proxy:			<none>
Request params:	<none>
Query params:	<none>
Form params:	<none>
Path params:	id=2427
Headers:		Accept=*/*
Cookies:		<none>
Multiparts:		<none>
Body:			<none>
HTTP/1.1 200 OK
Server: Cowboy
Report-To: {"group":"heroku-nel","max_age":3600,"endpoints":[{"url":"https://nel.heroku.com/reports?ts=1700051203&sid=c46efe9b-d3d2-4a0c-8c76-bfafa16c5add&s=Wg9H1Q7YFCMkBVKxl8oULOWV7Oqgo1nijS43wWCoKLY%3D"}]}
Reporting-Endpoints: heroku-nel=https://nel.heroku.com/reports?ts=1700051203&sid=c46efe9b-d3d2-4a0c-8c76-bfafa16c5add&s=Wg9H1Q7YFCMkBVKxl8oULOWV7Oqgo1nijS43wWCoKLY%3D
Nel: {"report_to":"heroku-nel","max_age":3600,"success_fraction":0.005,"failure_fraction":0.05,"response_headers":["Via"]}
Connection: keep-alive
X-Powered-By: Express
Content-Type: application/json; charset=utf-8
Content-Length: 171
Etag: W/"ab-rCd7LCz0hW7bDMF/ailChXWvNnI"
Date: Wed, 15 Nov 2023 12:26:43 GMT
Via: 1.1 vegur

{
    "firstname": "Jacques",
    "lastname": "Rau",
    "totalprice": 165,
    "depositpaid": true,
    "bookingdates": {
        "checkin": "2023-11-18",
        "checkout": "2023-11-25"
    },
    "additionalneeds": "distinctio"
}
]]></system-out>
  </testcase>
  <testcase name="updateBookingById" classname="api.test.BookingTests" time="2.126">
    <system-out><![CDATA[Request method:	PUT
Request URI:	https://restful-booker.herokuapp.com/booking/2427
Proxy:			<none>
Request params:	<none>
Query params:	<none>
Form params:	<none>
Path params:	id=2427
Headers:		Accept=*/*
				Content-Type=application/json
Cookies:		token=5ed27d1e2cfdaac
Multiparts:		<none>
Body:
{
    "firstname": "Della",
    "lastname": "Gorczany",
    "totalprice": 165,
    "depositpaid": true,
    "bookingdates": {
        "checkin": "2023-11-18",
        "checkout": "2023-11-25"
    },
    "additionalneeds": "distinctio"
}
HTTP/1.1 200 OK
Server: Cowboy
Report-To: {"group":"heroku-nel","max_age":3600,"endpoints":[{"url":"https://nel.heroku.com/reports?ts=1700051204&sid=c46efe9b-d3d2-4a0c-8c76-bfafa16c5add&s=dz2x6moBEcOfnoUUO0CYZ7rFKj6FBIWF8tKENW4wajg%3D"}]}
Reporting-Endpoints: heroku-nel=https://nel.heroku.com/reports?ts=1700051204&sid=c46efe9b-d3d2-4a0c-8c76-bfafa16c5add&s=dz2x6moBEcOfnoUUO0CYZ7rFKj6FBIWF8tKENW4wajg%3D
Nel: {"report_to":"heroku-nel","max_age":3600,"success_fraction":0.005,"failure_fraction":0.05,"response_headers":["Via"]}
Connection: keep-alive
X-Powered-By: Express
Content-Type: application/json; charset=utf-8
Content-Length: 174
Etag: W/"ae-PVUDZB0thlbF/cgACb43t87HBjE"
Date: Wed, 15 Nov 2023 12:26:44 GMT
Via: 1.1 vegur

{
    "firstname": "Della",
    "lastname": "Gorczany",
    "totalprice": 165,
    "depositpaid": true,
    "bookingdates": {
        "checkin": "2023-11-18",
        "checkout": "2023-11-25"
    },
    "additionalneeds": "distinctio"
}
Request method:	GET
Request URI:	https://restful-booker.herokuapp.com/booking/2427
Proxy:			<none>
Request params:	<none>
Query params:	<none>
Form params:	<none>
Path params:	id=2427
Headers:		Accept=*/*
Cookies:		<none>
Multiparts:		<none>
Body:			<none>
HTTP/1.1 200 OK
Server: Cowboy
Report-To: {"group":"heroku-nel","max_age":3600,"endpoints":[{"url":"https://nel.heroku.com/reports?ts=1700051205&sid=c46efe9b-d3d2-4a0c-8c76-bfafa16c5add&s=x7U9pLuysWKzOGgV3AyoiBCJHZ7dNaRt4DJfXQp%2FduU%3D"}]}
Reporting-Endpoints: heroku-nel=https://nel.heroku.com/reports?ts=1700051205&sid=c46efe9b-d3d2-4a0c-8c76-bfafa16c5add&s=x7U9pLuysWKzOGgV3AyoiBCJHZ7dNaRt4DJfXQp%2FduU%3D
Nel: {"report_to":"heroku-nel","max_age":3600,"success_fraction":0.005,"failure_fraction":0.05,"response_headers":["Via"]}
Connection: keep-alive
X-Powered-By: Express
Content-Type: application/json; charset=utf-8
Content-Length: 174
Etag: W/"ae-PVUDZB0thlbF/cgACb43t87HBjE"
Date: Wed, 15 Nov 2023 12:26:45 GMT
Via: 1.1 vegur

{
    "firstname": "Della",
    "lastname": "Gorczany",
    "totalprice": 165,
    "depositpaid": true,
    "bookingdates": {
        "checkin": "2023-11-18",
        "checkout": "2023-11-25"
    },
    "additionalneeds": "distinctio"
}
]]></system-out>
  </testcase>
  <testcase name="deleteBookingById" classname="api.test.BookingTests" time="0.94">
    <system-out><![CDATA[Request method:	DELETE
Request URI:	https://restful-booker.herokuapp.com/booking/2427
Proxy:			<none>
Request params:	<none>
Query params:	<none>
Form params:	<none>
Path params:	id=2427
Headers:		Accept=*/*
Cookies:		token=5ed27d1e2cfdaac
Multiparts:		<none>
Body:			<none>
HTTP/1.1 201 Created
Server: Cowboy
Report-To: {"group":"heroku-nel","max_age":3600,"endpoints":[{"url":"https://nel.heroku.com/reports?ts=1700051206&sid=c46efe9b-d3d2-4a0c-8c76-bfafa16c5add&s=XZzjzC9sM9b09Ji9eZYlnOdC%2B3RGAdv%2BwZNlK4jswec%3D"}]}
Reporting-Endpoints: heroku-nel=https://nel.heroku.com/reports?ts=1700051206&sid=c46efe9b-d3d2-4a0c-8c76-bfafa16c5add&s=XZzjzC9sM9b09Ji9eZYlnOdC%2B3RGAdv%2BwZNlK4jswec%3D
Nel: {"report_to":"heroku-nel","max_age":3600,"success_fraction":0.005,"failure_fraction":0.05,"response_headers":["Via"]}
Connection: keep-alive
X-Powered-By: Express
Content-Type: text/plain; charset=utf-8
Content-Length: 7
Etag: W/"7-rM9AyJuqT6iOan/xHh+AW+7K/T8"
Date: Wed, 15 Nov 2023 12:26:46 GMT
Via: 1.1 vegur

Created
]]></system-out>
  </testcase>
</testsuite>